<?xml version="1.0" encoding="UTF-8"?>
<!-- Generated by org.testng.reporters.JUnitReportReporter -->
<testsuite hostname="LAPTOP-2O0EF0F7" failures="0" tests="7" name="Testcases.FBLoginOrSignupTestcase" time="12.099" errors="1" timestamp="2023-09-12T11:51:49 IST" skipped="2">
  <testcase classname="Testcases.FBLoginOrSignupTestcase" name="EmailAddresstoLoginField" time="0.296"/>
  <testcase classname="Testcases.FBLoginOrSignupTestcase" name="ClickOnMoreLanguageButton" time="0.320"/>
  <testcase classname="Testcases.FBLoginOrSignupTestcase" name="ClickOnCloseButton" time="1.452"/>
  <testcase classname="Testcases.FBLoginOrSignupTestcase" name="ClickOnCancelButton" time="0.047">
    <error message="Method Testcases.FBLoginOrSignupTestcase.ClickOnCancelButton() didn&#039;t finish within the time-out 5" type="org.testng.internal.thread.ThreadTimeoutException">
      <![CDATA[org.testng.internal.thread.ThreadTimeoutException: Method Testcases.FBLoginOrSignupTestcase.ClickOnCancelButton() didn't finish within the time-out 5
at java.base@17.0.2/jdk.internal.misc.Unsafe.compareAndSetReference(Native Method)
at java.base@17.0.2/java.lang.invoke.VarHandleReferences$FieldInstanceReadWrite.compareAndSet(VarHandleReferences.java:180)
at java.base@17.0.2/java.lang.invoke.VarHandleGuards.guard_LLL_Z(VarHandleGuards.java:68)
at java.base@17.0.2/java.util.concurrent.ConcurrentLinkedDeque.first(ConcurrentLinkedDeque.java:721)
at java.base@17.0.2/java.util.concurrent.ConcurrentLinkedDeque.pollFirst(ConcurrentLinkedDeque.java:915)
at app//org.asynchttpclient.netty.channel.DefaultChannelPool$PoolLeaseStrategy$1.lease(DefaultChannelPool.java:232)
at app//org.asynchttpclient.netty.channel.DefaultChannelPool.poll(DefaultChannelPool.java:151)
at app//org.asynchttpclient.netty.channel.ChannelManager.poll(ChannelManager.java:291)
at app//org.asynchttpclient.netty.request.NettyRequestSender.pollPooledChannel(NettyRequestSender.java:590)
at app//org.asynchttpclient.netty.request.NettyRequestSender.getOpenChannel(NettyRequestSender.java:224)
at app//org.asynchttpclient.netty.request.NettyRequestSender.sendRequestWithCertainForceConnect(NettyRequestSender.java:139)
at app//org.asynchttpclient.netty.request.NettyRequestSender.sendRequest(NettyRequestSender.java:114)
at app//org.asynchttpclient.DefaultAsyncHttpClient.execute(DefaultAsyncHttpClient.java:259)
at app//org.asynchttpclient.DefaultAsyncHttpClient.executeRequest(DefaultAsyncHttpClient.java:228)
at app//org.asynchttpclient.DefaultAsyncHttpClient.executeRequest(DefaultAsyncHttpClient.java:249)
at app//org.openqa.selenium.remote.http.netty.NettyHttpHandler.makeCall(NettyHttpHandler.java:55)
at app//org.openqa.selenium.remote.http.netty.NettyHttpHandler$$Lambda$205/0x00000001002ace78.execute(Unknown Source)
at app//org.openqa.selenium.remote.http.AddSeleniumUserAgent.lambda$apply$0(AddSeleniumUserAgent.java:42)
at app//org.openqa.selenium.remote.http.AddSeleniumUserAgent$$Lambda$308/0x00000001002df7b8.execute(Unknown Source)
at app//org.openqa.selenium.remote.http.Filter.lambda$andFinally$1(Filter.java:55)
at app//org.openqa.selenium.remote.http.Filter$$Lambda$206/0x00000001002ad0a8.execute(Unknown Source)
at app//org.openqa.selenium.remote.http.netty.NettyHttpHandler.execute(NettyHttpHandler.java:48)
at app//org.openqa.selenium.remote.http.netty.NettyClient.execute(NettyClient.java:96)
at app//org.openqa.selenium.remote.HttpCommandExecutor.execute(HttpCommandExecutor.java:188)
at app//org.openqa.selenium.remote.service.DriverCommandExecutor.invokeExecute(DriverCommandExecutor.java:196)
at app//org.openqa.selenium.remote.service.DriverCommandExecutor.execute(DriverCommandExecutor.java:171)
at app//org.openqa.selenium.remote.RemoteWebDriver.execute(RemoteWebDriver.java:518)
at app//org.openqa.selenium.remote.ElementLocation$ElementFinder$2.findElement(ElementLocation.java:165)
at app//org.openqa.selenium.remote.ElementLocation.findElement(ElementLocation.java:59)
at app//org.openqa.selenium.remote.RemoteWebDriver.findElement(RemoteWebDriver.java:355)
at app//org.openqa.selenium.remote.RemoteWebDriver.findElement(RemoteWebDriver.java:349)
at app//org.openqa.selenium.support.pagefactory.DefaultElementLocator.findElement(DefaultElementLocator.java:68)
at app//org.openqa.selenium.support.pagefactory.internal.LocatingElementHandler.invoke(LocatingElementHandler.java:38)
at app/jdk.proxy2/jdk.proxy2.$Proxy17.click(Unknown Source)
at app//FBPages.FBLoginOrSignupPage.cnclclik(FBLoginOrSignupPage.java:108)
at app//Testcases.FBLoginOrSignupTestcase.ClickOnCancelButton(FBLoginOrSignupTestcase.java:60)
at java.base@17.0.2/jdk.internal.reflect.NativeMethodAccessorImpl.invoke0(Native Method)
at java.base@17.0.2/jdk.internal.reflect.NativeMethodAccessorImpl.invoke(NativeMethodAccessorImpl.java:77)
at java.base@17.0.2/jdk.internal.reflect.DelegatingMethodAccessorImpl.invoke(DelegatingMethodAccessorImpl.java:43)
at java.base@17.0.2/java.lang.reflect.Method.invoke(Method.java:568)
at app//org.testng.internal.MethodInvocationHelper.invokeMethod(MethodInvocationHelper.java:133)
at app//org.testng.internal.InvokeMethodRunnable.runOne(InvokeMethodRunnable.java:51)
at app//org.testng.internal.InvokeMethodRunnable.run(InvokeMethodRunnable.java:41)
at java.base@17.0.2/java.util.concurrent.Executors$RunnableAdapter.call(Executors.java:539)
at java.base@17.0.2/java.util.concurrent.FutureTask.run(FutureTask.java:264)
at java.base@17.0.2/java.util.concurrent.ThreadPoolExecutor.runWorker(ThreadPoolExecutor.java:1136)
at java.base@17.0.2/java.util.concurrent.ThreadPoolExecutor$Worker.run(ThreadPoolExecutor.java:635)
at java.base@17.0.2/java.lang.Thread.run(Thread.java:833)
]]>
    </error>
  </testcase> <!-- ClickOnCancelButton -->
  <testcase classname="Testcases.FBLoginOrSignupTestcase" name="Title" time="9.984"/>
  <testcase classname="Testcases.FBLoginOrSignupTestcase" name="CountTheAllLanguage">
    <skipped/>
  </testcase> <!-- CountTheAllLanguage -->
  <testcase classname="Testcases.FBLoginOrSignupTestcase" name="CountFooterLinks">
    <skipped/>
  </testcase> <!-- CountFooterLinks -->
</testsuite> <!-- Testcases.FBLoginOrSignupTestcase -->
